[0.425s] Invoking command in '/home/swarnava/align_ws/build/align_pkg': PYTHONPATH=/home/swarnava/align_ws/build/align_pkg/prefix_override:/usr/lib/python3/dist-packages/colcon_core/task/python/colcon_distutils_commands:/home/swarnava/align_ws/install/align_pkg/lib/python3.10/site-packages:${PYTHONPATH} /usr/bin/python3 -W ignore:setup.py install is deprecated -W ignore:easy_install command is deprecated setup.py develop --editable --build-directory /home/swarnava/align_ws/build/align_pkg/build --no-deps symlink_data --force
[0.609s] running develop
[0.741s] running egg_info
[0.741s] writing align_pkg.egg-info/PKG-INFO
[0.741s] writing dependency_links to align_pkg.egg-info/dependency_links.txt
[0.741s] writing entry points to align_pkg.egg-info/entry_points.txt
[0.742s] writing requirements to align_pkg.egg-info/requires.txt
[0.742s] writing top-level names to align_pkg.egg-info/top_level.txt
[0.743s] reading manifest file 'align_pkg.egg-info/SOURCES.txt'
[0.743s] writing manifest file 'align_pkg.egg-info/SOURCES.txt'
[0.744s] running build_ext
[0.744s] Creating /home/swarnava/align_ws/install/align_pkg/lib/python3.10/site-packages/align-pkg.egg-link (link to .)
[0.744s] Installing publish_node script to /home/swarnava/align_ws/install/align_pkg/lib/align_pkg
[0.744s] Installing test_node script to /home/swarnava/align_ws/install/align_pkg/lib/align_pkg
[0.745s] 
[0.745s] Installed /home/swarnava/align_ws/build/align_pkg
[0.745s] running symlink_data
[0.745s] symbolically linking /home/swarnava/align_ws/build/align_pkg/resource/align_pkg -> /home/swarnava/align_ws/install/align_pkg/share/ament_index/resource_index/packages
[0.745s] symbolically linking /home/swarnava/align_ws/build/align_pkg/package.xml -> /home/swarnava/align_ws/install/align_pkg/share/align_pkg
[0.762s] Invoked command in '/home/swarnava/align_ws/build/align_pkg' returned '0': PYTHONPATH=/home/swarnava/align_ws/build/align_pkg/prefix_override:/usr/lib/python3/dist-packages/colcon_core/task/python/colcon_distutils_commands:/home/swarnava/align_ws/install/align_pkg/lib/python3.10/site-packages:${PYTHONPATH} /usr/bin/python3 -W ignore:setup.py install is deprecated -W ignore:easy_install command is deprecated setup.py develop --editable --build-directory /home/swarnava/align_ws/build/align_pkg/build --no-deps symlink_data --force
