running egg_info
creating ../../build/align_pkg/align_pkg.egg-info
writing ../../build/align_pkg/align_pkg.egg-info/PKG-INFO
writing dependency_links to ../../build/align_pkg/align_pkg.egg-info/dependency_links.txt
writing entry points to ../../build/align_pkg/align_pkg.egg-info/entry_points.txt
writing requirements to ../../build/align_pkg/align_pkg.egg-info/requires.txt
writing top-level names to ../../build/align_pkg/align_pkg.egg-info/top_level.txt
writing manifest file '../../build/align_pkg/align_pkg.egg-info/SOURCES.txt'
reading manifest file '../../build/align_pkg/align_pkg.egg-info/SOURCES.txt'
writing manifest file '../../build/align_pkg/align_pkg.egg-info/SOURCES.txt'
running build
running build_py
creating /home/swarnava/align_ws/build/align_pkg/build
creating /home/swarnava/align_ws/build/align_pkg/build/lib
creating /home/swarnava/align_ws/build/align_pkg/build/lib/align_pkg
copying align_pkg/__init__.py -> /home/swarnava/align_ws/build/align_pkg/build/lib/align_pkg
running install
running install_lib
creating /home/swarnava/align_ws/install/align_pkg/lib/python3.10/site-packages/align_pkg
copying /home/swarnava/align_ws/build/align_pkg/build/lib/align_pkg/__init__.py -> /home/swarnava/align_ws/install/align_pkg/lib/python3.10/site-packages/align_pkg
byte-compiling /home/swarnava/align_ws/install/align_pkg/lib/python3.10/site-packages/align_pkg/__init__.py to __init__.cpython-310.pyc
running install_data
creating /home/swarnava/align_ws/install/align_pkg/share/ament_index
creating /home/swarnava/align_ws/install/align_pkg/share/ament_index/resource_index
creating /home/swarnava/align_ws/install/align_pkg/share/ament_index/resource_index/packages
copying resource/align_pkg -> /home/swarnava/align_ws/install/align_pkg/share/ament_index/resource_index/packages
copying package.xml -> /home/swarnava/align_ws/install/align_pkg/share/align_pkg
running install_egg_info
Copying ../../build/align_pkg/align_pkg.egg-info to /home/swarnava/align_ws/install/align_pkg/lib/python3.10/site-packages/align_pkg-0.0.0-py3.10.egg-info
running install_scripts
writing list of installed files to '/home/swarnava/align_ws/build/align_pkg/install.log'
