[0.062s] DEBUG:colcon:Command line arguments: ['/usr/bin/colcon', 'build', '--symlink-install']
[0.062s] DEBUG:colcon:Parsed command line arguments: Namespace(log_base=None, log_level=None, verb_name='build', build_base='build', install_base='install', merge_install=False, symlink_install=True, test_result_base=None, continue_on_error=False, executor='parallel', parallel_workers=18, event_handlers=None, ignore_user_meta=False, metas=['./colcon.meta'], base_paths=['.'], packages_ignore=None, packages_ignore_regex=None, paths=None, packages_up_to=None, packages_up_to_regex=None, packages_above=None, packages_above_and_dependencies=None, packages_above_depth=None, packages_select_by_dep=None, packages_skip_by_dep=None, packages_skip_up_to=None, packages_select_build_failed=False, packages_skip_build_finished=False, packages_select_test_failures=False, packages_skip_test_passed=False, packages_select=None, packages_skip=None, packages_select_regex=None, packages_skip_regex=None, packages_start=None, packages_end=None, allow_overriding=[], cmake_args=None, cmake_target=None, cmake_target_skip_unavailable=False, cmake_clean_cache=False, cmake_clean_first=False, cmake_force_configure=False, ament_cmake_args=None, catkin_cmake_args=None, catkin_skip_building_tests=False, verb_parser=<colcon_defaults.argument_parser.defaults.DefaultArgumentsDecorator object at 0x7960e1891ed0>, verb_extension=<colcon_core.verb.build.BuildVerb object at 0x7960e1987a30>, main=<bound method BuildVerb.main of <colcon_core.verb.build.BuildVerb object at 0x7960e1987a30>>)
[0.171s] Level 1:colcon.colcon_core.package_discovery:discover_packages(colcon_meta) check parameters
[0.171s] Level 1:colcon.colcon_core.package_discovery:discover_packages(recursive) check parameters
[0.171s] Level 1:colcon.colcon_core.package_discovery:discover_packages(ignore) check parameters
[0.171s] Level 1:colcon.colcon_core.package_discovery:discover_packages(path) check parameters
[0.171s] Level 1:colcon.colcon_core.package_discovery:discover_packages(colcon_meta) discover
[0.171s] Level 1:colcon.colcon_core.package_discovery:discover_packages(recursive) discover
[0.171s] INFO:colcon.colcon_core.package_discovery:Crawling recursively for packages in '/home/swarnava/align_ws'
[0.171s] Level 1:colcon.colcon_core.package_identification:_identify(.) by extensions ['ignore', 'ignore_ament_install']
[0.171s] Level 1:colcon.colcon_core.package_identification:_identify(.) by extension 'ignore'
[0.171s] Level 1:colcon.colcon_core.package_identification:_identify(.) by extension 'ignore_ament_install'
[0.171s] Level 1:colcon.colcon_core.package_identification:_identify(.) by extensions ['colcon_pkg']
[0.171s] Level 1:colcon.colcon_core.package_identification:_identify(.) by extension 'colcon_pkg'
[0.171s] Level 1:colcon.colcon_core.package_identification:_identify(.) by extensions ['colcon_meta']
[0.171s] Level 1:colcon.colcon_core.package_identification:_identify(.) by extension 'colcon_meta'
[0.171s] Level 1:colcon.colcon_core.package_identification:_identify(.) by extensions ['ros']
[0.171s] Level 1:colcon.colcon_core.package_identification:_identify(.) by extension 'ros'
[0.190s] Level 1:colcon.colcon_core.package_identification:_identify(.) by extensions ['cmake', 'python']
[0.190s] Level 1:colcon.colcon_core.package_identification:_identify(.) by extension 'cmake'
[0.190s] Level 1:colcon.colcon_core.package_identification:_identify(.) by extension 'python'
[0.190s] Level 1:colcon.colcon_core.package_identification:_identify(.) by extensions ['python_setup_py']
[0.190s] Level 1:colcon.colcon_core.package_identification:_identify(.) by extension 'python_setup_py'
[0.190s] Level 1:colcon.colcon_core.package_identification:_identify(build) by extensions ['ignore', 'ignore_ament_install']
[0.190s] Level 1:colcon.colcon_core.package_identification:_identify(build) by extension 'ignore'
[0.191s] Level 1:colcon.colcon_core.package_identification:_identify(build) ignored
[0.191s] Level 1:colcon.colcon_core.package_identification:_identify(install) by extensions ['ignore', 'ignore_ament_install']
[0.191s] Level 1:colcon.colcon_core.package_identification:_identify(install) by extension 'ignore'
[0.191s] Level 1:colcon.colcon_core.package_identification:_identify(install) ignored
[0.191s] Level 1:colcon.colcon_core.package_identification:_identify(log) by extensions ['ignore', 'ignore_ament_install']
[0.191s] Level 1:colcon.colcon_core.package_identification:_identify(log) by extension 'ignore'
[0.191s] Level 1:colcon.colcon_core.package_identification:_identify(log) ignored
[0.191s] Level 1:colcon.colcon_core.package_identification:_identify(src) by extensions ['ignore', 'ignore_ament_install']
[0.191s] Level 1:colcon.colcon_core.package_identification:_identify(src) by extension 'ignore'
[0.191s] Level 1:colcon.colcon_core.package_identification:_identify(src) by extension 'ignore_ament_install'
[0.191s] Level 1:colcon.colcon_core.package_identification:_identify(src) by extensions ['colcon_pkg']
[0.191s] Level 1:colcon.colcon_core.package_identification:_identify(src) by extension 'colcon_pkg'
[0.191s] Level 1:colcon.colcon_core.package_identification:_identify(src) by extensions ['colcon_meta']
[0.191s] Level 1:colcon.colcon_core.package_identification:_identify(src) by extension 'colcon_meta'
[0.191s] Level 1:colcon.colcon_core.package_identification:_identify(src) by extensions ['ros']
[0.191s] Level 1:colcon.colcon_core.package_identification:_identify(src) by extension 'ros'
[0.191s] Level 1:colcon.colcon_core.package_identification:_identify(src) by extensions ['cmake', 'python']
[0.191s] Level 1:colcon.colcon_core.package_identification:_identify(src) by extension 'cmake'
[0.191s] Level 1:colcon.colcon_core.package_identification:_identify(src) by extension 'python'
[0.191s] Level 1:colcon.colcon_core.package_identification:_identify(src) by extensions ['python_setup_py']
[0.191s] Level 1:colcon.colcon_core.package_identification:_identify(src) by extension 'python_setup_py'
[0.191s] Level 1:colcon.colcon_core.package_identification:_identify(src/align_pkg) by extensions ['ignore', 'ignore_ament_install']
[0.191s] Level 1:colcon.colcon_core.package_identification:_identify(src/align_pkg) by extension 'ignore'
[0.191s] Level 1:colcon.colcon_core.package_identification:_identify(src/align_pkg) by extension 'ignore_ament_install'
[0.191s] Level 1:colcon.colcon_core.package_identification:_identify(src/align_pkg) by extensions ['colcon_pkg']
[0.191s] Level 1:colcon.colcon_core.package_identification:_identify(src/align_pkg) by extension 'colcon_pkg'
[0.191s] Level 1:colcon.colcon_core.package_identification:_identify(src/align_pkg) by extensions ['colcon_meta']
[0.191s] Level 1:colcon.colcon_core.package_identification:_identify(src/align_pkg) by extension 'colcon_meta'
[0.191s] Level 1:colcon.colcon_core.package_identification:_identify(src/align_pkg) by extensions ['ros']
[0.191s] Level 1:colcon.colcon_core.package_identification:_identify(src/align_pkg) by extension 'ros'
[0.193s] DEBUG:colcon.colcon_core.package_identification:Package 'src/align_pkg' with type 'ros.ament_python' and name 'align_pkg'
[0.193s] Level 1:colcon.colcon_core.package_discovery:discover_packages(recursive) using defaults
[0.193s] Level 1:colcon.colcon_core.package_discovery:discover_packages(ignore) discover
[0.193s] Level 1:colcon.colcon_core.package_discovery:discover_packages(ignore) using defaults
[0.193s] Level 1:colcon.colcon_core.package_discovery:discover_packages(path) discover
[0.193s] Level 1:colcon.colcon_core.package_discovery:discover_packages(path) using defaults
[0.204s] Level 1:colcon.colcon_core.package_discovery:discover_packages(prefix_path) check parameters
[0.204s] Level 1:colcon.colcon_core.package_discovery:discover_packages(prefix_path) discover
[0.205s] DEBUG:colcon.colcon_installed_package_information.package_discovery:Found 1 installed packages in /home/swarnava/align_ws/install
[0.205s] DEBUG:colcon.colcon_installed_package_information.package_discovery:Found 3 installed packages in /home/swarnava/microros_ws/install
[0.206s] DEBUG:colcon.colcon_installed_package_information.package_discovery:Found 214 installed packages in /opt/ros/humble
[0.206s] Level 1:colcon.colcon_core.package_discovery:discover_packages(prefix_path) using defaults
[0.221s] Level 5:colcon.colcon_core.verb:set package 'align_pkg' build argument 'cmake_args' from command line to 'None'
[0.221s] Level 5:colcon.colcon_core.verb:set package 'align_pkg' build argument 'cmake_target' from command line to 'None'
[0.221s] Level 5:colcon.colcon_core.verb:set package 'align_pkg' build argument 'cmake_target_skip_unavailable' from command line to 'False'
[0.221s] Level 5:colcon.colcon_core.verb:set package 'align_pkg' build argument 'cmake_clean_cache' from command line to 'False'
[0.221s] Level 5:colcon.colcon_core.verb:set package 'align_pkg' build argument 'cmake_clean_first' from command line to 'False'
[0.221s] Level 5:colcon.colcon_core.verb:set package 'align_pkg' build argument 'cmake_force_configure' from command line to 'False'
[0.221s] Level 5:colcon.colcon_core.verb:set package 'align_pkg' build argument 'ament_cmake_args' from command line to 'None'
[0.221s] Level 5:colcon.colcon_core.verb:set package 'align_pkg' build argument 'catkin_cmake_args' from command line to 'None'
[0.221s] Level 5:colcon.colcon_core.verb:set package 'align_pkg' build argument 'catkin_skip_building_tests' from command line to 'False'
[0.221s] DEBUG:colcon.colcon_core.verb:Building package 'align_pkg' with the following arguments: {'ament_cmake_args': None, 'build_base': '/home/swarnava/align_ws/build/align_pkg', 'catkin_cmake_args': None, 'catkin_skip_building_tests': False, 'cmake_args': None, 'cmake_clean_cache': False, 'cmake_clean_first': False, 'cmake_force_configure': False, 'cmake_target': None, 'cmake_target_skip_unavailable': False, 'install_base': '/home/swarnava/align_ws/install/align_pkg', 'merge_install': False, 'path': '/home/swarnava/align_ws/src/align_pkg', 'symlink_install': True, 'test_result_base': None}
[0.221s] INFO:colcon.colcon_core.executor:Executing jobs using 'parallel' executor
[0.222s] DEBUG:colcon.colcon_parallel_executor.executor.parallel:run_until_complete
[0.222s] INFO:colcon.colcon_ros.task.ament_python.build:Building ROS package in '/home/swarnava/align_ws/src/align_pkg' with build type 'ament_python'
[0.223s] Level 1:colcon.colcon_core.shell:create_environment_hook('align_pkg', 'ament_prefix_path')
[0.225s] INFO:colcon.colcon_core.plugin_system:Skipping extension 'colcon_core.shell.bat': Not used on non-Windows systems
[0.225s] INFO:colcon.colcon_core.shell:Creating environment hook '/home/swarnava/align_ws/install/align_pkg/share/align_pkg/hook/ament_prefix_path.ps1'
[0.225s] INFO:colcon.colcon_core.shell:Creating environment descriptor '/home/swarnava/align_ws/install/align_pkg/share/align_pkg/hook/ament_prefix_path.dsv'
[0.226s] INFO:colcon.colcon_core.shell:Creating environment hook '/home/swarnava/align_ws/install/align_pkg/share/align_pkg/hook/ament_prefix_path.sh'
[0.226s] INFO:colcon.colcon_core.shell:Skip shell extension 'powershell' for command environment: Not usable outside of PowerShell
[0.226s] DEBUG:colcon.colcon_core.shell:Skip shell extension 'dsv' for command environment
[0.402s] INFO:colcon.colcon_core.task.python.build:Building Python package in '/home/swarnava/align_ws/src/align_pkg'
[0.402s] INFO:colcon.colcon_core.shell:Skip shell extension 'powershell' for command environment: Not usable outside of PowerShell
[0.402s] DEBUG:colcon.colcon_core.shell:Skip shell extension 'dsv' for command environment
[0.644s] DEBUG:colcon.colcon_core.task.python.build:While undoing a previous installation files outside the Python library path are being ignored: /home/swarnava/align_ws/install/align_pkg/share/ament_index/resource_index/packages/align_pkg
[0.644s] DEBUG:colcon.colcon_core.task.python.build:While undoing a previous installation files outside the Python library path are being ignored: /home/swarnava/align_ws/install/align_pkg/share/align_pkg/package.xml
[0.645s] DEBUG:colcon.colcon_core.task.python.build:While undoing a previous installation files outside the Python library path are being ignored: /home/swarnava/align_ws/install/align_pkg/lib/align_pkg/publish_node
[0.645s] DEBUG:colcon.colcon_core.task.python.build:While undoing a previous installation files outside the Python library path are being ignored: /home/swarnava/align_ws/install/align_pkg/lib/align_pkg/test_node
[0.648s] DEBUG:colcon.colcon_core.event_handler.log_command:Invoking command in '/home/swarnava/align_ws/build/align_pkg': PYTHONPATH=/home/swarnava/align_ws/build/align_pkg/prefix_override:/usr/lib/python3/dist-packages/colcon_core/task/python/colcon_distutils_commands:/home/swarnava/align_ws/install/align_pkg/lib/python3.10/site-packages:${PYTHONPATH} /usr/bin/python3 -W ignore:setup.py install is deprecated -W ignore:easy_install command is deprecated setup.py develop --editable --build-directory /home/swarnava/align_ws/build/align_pkg/build --no-deps symlink_data --force
[0.984s] Level 1:colcon.colcon_core.shell:create_environment_hook('align_pkg', 'pythonpath_develop')
[0.985s] INFO:colcon.colcon_core.shell:Creating environment hook '/home/swarnava/align_ws/build/align_pkg/share/align_pkg/hook/pythonpath_develop.ps1'
[0.985s] DEBUG:colcon.colcon_core.event_handler.log_command:Invoked command in '/home/swarnava/align_ws/build/align_pkg' returned '0': PYTHONPATH=/home/swarnava/align_ws/build/align_pkg/prefix_override:/usr/lib/python3/dist-packages/colcon_core/task/python/colcon_distutils_commands:/home/swarnava/align_ws/install/align_pkg/lib/python3.10/site-packages:${PYTHONPATH} /usr/bin/python3 -W ignore:setup.py install is deprecated -W ignore:easy_install command is deprecated setup.py develop --editable --build-directory /home/swarnava/align_ws/build/align_pkg/build --no-deps symlink_data --force
[0.985s] INFO:colcon.colcon_core.shell:Creating environment descriptor '/home/swarnava/align_ws/build/align_pkg/share/align_pkg/hook/pythonpath_develop.dsv'
[0.986s] INFO:colcon.colcon_core.shell:Creating environment hook '/home/swarnava/align_ws/build/align_pkg/share/align_pkg/hook/pythonpath_develop.sh'
[0.987s] Level 1:colcon.colcon_core.environment:checking '/home/swarnava/align_ws/install/align_pkg' for CMake module files
[0.987s] Level 1:colcon.colcon_core.environment:checking '/home/swarnava/align_ws/install/align_pkg' for CMake config files
[0.988s] Level 1:colcon.colcon_core.environment:checking '/home/swarnava/align_ws/install/align_pkg/lib'
[0.988s] Level 1:colcon.colcon_core.environment:checking '/home/swarnava/align_ws/install/align_pkg/bin'
[0.988s] Level 1:colcon.colcon_core.environment:checking '/home/swarnava/align_ws/install/align_pkg/lib/pkgconfig/align_pkg.pc'
[0.988s] Level 1:colcon.colcon_core.environment:checking '/home/swarnava/align_ws/install/align_pkg/lib/python3.10/site-packages'
[0.988s] Level 1:colcon.colcon_core.shell:create_environment_hook('align_pkg', 'pythonpath')
[0.988s] INFO:colcon.colcon_core.shell:Creating environment hook '/home/swarnava/align_ws/install/align_pkg/share/align_pkg/hook/pythonpath.ps1'
[0.988s] INFO:colcon.colcon_core.shell:Creating environment descriptor '/home/swarnava/align_ws/install/align_pkg/share/align_pkg/hook/pythonpath.dsv'
[0.989s] INFO:colcon.colcon_core.shell:Creating environment hook '/home/swarnava/align_ws/install/align_pkg/share/align_pkg/hook/pythonpath.sh'
[0.989s] Level 1:colcon.colcon_core.environment:checking '/home/swarnava/align_ws/install/align_pkg/bin'
[0.989s] Level 1:colcon.colcon_core.environment:create_environment_scripts_only(align_pkg)
[0.989s] INFO:colcon.colcon_core.shell:Creating package script '/home/swarnava/align_ws/install/align_pkg/share/align_pkg/package.ps1'
[0.990s] INFO:colcon.colcon_core.shell:Creating package descriptor '/home/swarnava/align_ws/install/align_pkg/share/align_pkg/package.dsv'
[0.990s] INFO:colcon.colcon_core.shell:Creating package script '/home/swarnava/align_ws/install/align_pkg/share/align_pkg/package.sh'
[0.990s] INFO:colcon.colcon_core.shell:Creating package script '/home/swarnava/align_ws/install/align_pkg/share/align_pkg/package.bash'
[0.991s] INFO:colcon.colcon_core.shell:Creating package script '/home/swarnava/align_ws/install/align_pkg/share/align_pkg/package.zsh'
[0.991s] Level 1:colcon.colcon_core.environment:create_file_with_runtime_dependencies(/home/swarnava/align_ws/install/align_pkg/share/colcon-core/packages/align_pkg)
[0.991s] DEBUG:colcon.colcon_parallel_executor.executor.parallel:closing loop
[0.991s] DEBUG:colcon.colcon_parallel_executor.executor.parallel:loop closed
[0.991s] DEBUG:colcon.colcon_parallel_executor.executor.parallel:run_until_complete finished with '0'
[0.991s] DEBUG:colcon.colcon_core.event_reactor:joining thread
[0.995s] INFO:colcon.colcon_core.plugin_system:Skipping extension 'colcon_notification.desktop_notification.terminal_notifier': Not used on non-Darwin systems
[0.995s] INFO:colcon.colcon_core.plugin_system:Skipping extension 'colcon_notification.desktop_notification.win32': Not used on non-Windows systems
[0.995s] INFO:colcon.colcon_notification.desktop_notification:Sending desktop notification using 'notify2'
[1.007s] DEBUG:colcon.colcon_core.event_reactor:joined thread
[1.008s] INFO:colcon.colcon_core.shell:Creating prefix script '/home/swarnava/align_ws/install/local_setup.ps1'
[1.009s] INFO:colcon.colcon_core.shell:Creating prefix util module '/home/swarnava/align_ws/install/_local_setup_util_ps1.py'
[1.010s] INFO:colcon.colcon_core.shell:Creating prefix chain script '/home/swarnava/align_ws/install/setup.ps1'
[1.010s] INFO:colcon.colcon_core.shell:Creating prefix script '/home/swarnava/align_ws/install/local_setup.sh'
[1.011s] INFO:colcon.colcon_core.shell:Creating prefix util module '/home/swarnava/align_ws/install/_local_setup_util_sh.py'
[1.011s] INFO:colcon.colcon_core.shell:Creating prefix chain script '/home/swarnava/align_ws/install/setup.sh'
[1.012s] INFO:colcon.colcon_core.shell:Creating prefix script '/home/swarnava/align_ws/install/local_setup.bash'
[1.012s] INFO:colcon.colcon_core.shell:Creating prefix chain script '/home/swarnava/align_ws/install/setup.bash'
[1.013s] INFO:colcon.colcon_core.shell:Creating prefix script '/home/swarnava/align_ws/install/local_setup.zsh'
[1.013s] INFO:colcon.colcon_core.shell:Creating prefix chain script '/home/swarnava/align_ws/install/setup.zsh'
