running egg_info
writing ../../build/align_pkg/align_pkg.egg-info/PKG-INFO
writing dependency_links to ../../build/align_pkg/align_pkg.egg-info/dependency_links.txt
writing entry points to ../../build/align_pkg/align_pkg.egg-info/entry_points.txt
writing requirements to ../../build/align_pkg/align_pkg.egg-info/requires.txt
writing top-level names to ../../build/align_pkg/align_pkg.egg-info/top_level.txt
reading manifest file '../../build/align_pkg/align_pkg.egg-info/SOURCES.txt'
writing manifest file '../../build/align_pkg/align_pkg.egg-info/SOURCES.txt'
running build
running build_py
copying align_pkg/sample_node.py -> /home/swarnava/align_ws/build/align_pkg/build/lib/align_pkg
running install
running install_lib
copying /home/swarnava/align_ws/build/align_pkg/build/lib/align_pkg/sample_node.py -> /home/swarnava/align_ws/install/align_pkg/lib/python3.10/site-packages/align_pkg
byte-compiling /home/swarnava/align_ws/install/align_pkg/lib/python3.10/site-packages/align_pkg/sample_node.py to sample_node.cpython-310.pyc
running install_data
running install_egg_info
removing '/home/swarnava/align_ws/install/align_pkg/lib/python3.10/site-packages/align_pkg-0.0.0-py3.10.egg-info' (and everything under it)
Copying ../../build/align_pkg/align_pkg.egg-info to /home/swarnava/align_ws/install/align_pkg/lib/python3.10/site-packages/align_pkg-0.0.0-py3.10.egg-info
running install_scripts
Installing test_node script to /home/swarnava/align_ws/install/align_pkg/lib/align_pkg
writing list of installed files to '/home/swarnava/align_ws/build/align_pkg/install.log'
